#
# There is insufficient memory for the Java Runtime Environment to continue.
# Native memory allocation (malloc) failed to allocate 2369152 bytes for Chunk::new
# Possible reasons:
#   The system is out of physical RAM or swap space
#   The process is running with CompressedOops enabled, and the Java Heap may be blocking the growth of the native heap
# Possible solutions:
#   Reduce memory load on the system
#   Increase physical memory or swap space
#   Check if swap backing store is full
#   Decrease Java heap size (-Xmx/-Xms)
#   Decrease number of Java threads
#   Decrease Java thread stack sizes (-Xss)
#   Set larger code cache with -XX:ReservedCodeCacheSize=
#   JVM is running with Unscaled Compressed Oops mode in which the Java heap is
#     placed in the first 4GB address space. The Java Heap base address is the
#     maximum limit for the native heap growth. Please use -XX:HeapBaseMinAddress
#     to set the Java Heap base and to place the Java Heap above 4GB virtual address.
# This output file may be truncated or incomplete.
#
#  Out of Memory Error (./open/src/hotspot/share/memory/arena.cpp:195), pid=7380, tid=4280
#
# JRE version: Java(TM) SE Runtime Environment (14.0.2+12) (build 14.0.2+12-46)
# Java VM: Java HotSpot(TM) 64-Bit Server VM (14.0.2+12-46, mixed mode, sharing, tiered, compressed oops, g1 gc, windows-amd64)
# No core dump will be written. Minidumps are not enabled by default on client versions of Windows
#

---------------  S U M M A R Y ------------

Command Line: C:\Users\User\AppData\Local\Temp\surefire4057988070235108576\surefirebooter1117301875938101985.jar C:\Users\User\AppData\Local\Temp\surefire4057988070235108576 2020-12-11T01-57-30_346-jvmRun1 surefire17396987050116256856tmp surefire_017165245989305771950tmp

Host: Intel(R) Core(TM) i3-2330M CPU @ 2.20GHz, 4 cores, 7G,  Windows 10 , 64 bit Build 15063 (10.0.15063.296)
Time: Fri Dec 11 01:57:51 2020 RTZ 2 (ceia) elapsed time: 20 seconds (0d 0h 0m 20s)

---------------  T H R E A D  ---------------

Current thread (0x000001f9a5275800):  JavaThread "C2 CompilerThread0" daemon [_thread_in_native, id=4280, stack(0x0000003911200000,0x0000003911300000)]


Current CompileTask:
C2:  20076 5741       4       org.springframework.core.ResolvableType::<init> (39 bytes)

Stack: [0x0000003911200000,0x0000003911300000]
Native frames: (J=compiled Java code, j=interpreted, Vv=VM code, C=native code)
V  [jvm.dll+0x5f8a9a]
V  [jvm.dll+0x74247a]
V  [jvm.dll+0x743c2f]
V  [jvm.dll+0x744273]
V  [jvm.dll+0x20d288]
V  [jvm.dll+0xabb07]
V  [jvm.dll+0xac1fc]
V  [jvm.dll+0x31c495]
V  [jvm.dll+0x2e6b38]
V  [jvm.dll+0x2e5f3a]
V  [jvm.dll+0x1e5e16]
V  [jvm.dll+0x1e50b8]
V  [jvm.dll+0x1779cc]
V  [jvm.dll+0x1f4105]
V  [jvm.dll+0x1f22eb]
V  [jvm.dll+0x7070cd]
V  [jvm.dll+0x6ffeda]
V  [jvm.dll+0x5f78f6]
C  [ucrtbase.dll+0x20369]
C  [KERNEL32.DLL+0x12774]
C  [ntdll.dll+0x70d61]


---------------  P R O C E S S  ---------------

Threads class SMR info:
_java_thread_list=0x000001f9ac3525e0, length=17, elements={
0x000001f986a7f800, 0x000001f9a5251800, 0x000001f9a5253000, 0x000001f9a526f000,
0x000001f9a5273000, 0x000001f9a5274800, 0x000001f9a5275800, 0x000001f9a528c000,
0x000001f9a52a0000, 0x000001f9a5cac000, 0x000001f9a5cbc800, 0x000001f9a5d37000,
0x000001f9a5cb4800, 0x000001f9a6cd2800, 0x000001f9a7e25800, 0x000001f9aa2ec800,
0x000001f9ab570800
}

Java Threads: ( => current thread )
  0x000001f986a7f800 JavaThread "main" [_thread_in_Java, id=5252, stack(0x0000003910600000,0x0000003910700000)]
  0x000001f9a5251800 JavaThread "Reference Handler" daemon [_thread_blocked, id=1448, stack(0x0000003910d00000,0x0000003910e00000)]
  0x000001f9a5253000 JavaThread "Finalizer" daemon [_thread_blocked, id=9608, stack(0x0000003910e00000,0x0000003910f00000)]
  0x000001f9a526f000 JavaThread "Signal Dispatcher" daemon [_thread_blocked, id=7480, stack(0x0000003910f00000,0x0000003911000000)]
  0x000001f9a5273000 JavaThread "Attach Listener" daemon [_thread_blocked, id=3736, stack(0x0000003911000000,0x0000003911100000)]
  0x000001f9a5274800 JavaThread "Service Thread" daemon [_thread_blocked, id=6492, stack(0x0000003911100000,0x0000003911200000)]
=>0x000001f9a5275800 JavaThread "C2 CompilerThread0" daemon [_thread_in_native, id=4280, stack(0x0000003911200000,0x0000003911300000)]
  0x000001f9a528c000 JavaThread "C1 CompilerThread0" daemon [_thread_blocked, id=4880, stack(0x0000003911300000,0x0000003911400000)]
  0x000001f9a52a0000 JavaThread "Sweeper thread" daemon [_thread_blocked, id=7312, stack(0x0000003911400000,0x0000003911500000)]
  0x000001f9a5cac000 JavaThread "Notification Thread" daemon [_thread_blocked, id=980, stack(0x0000003911500000,0x0000003911600000)]
  0x000001f9a5cbc800 JavaThread "Common-Cleaner" daemon [_thread_blocked, id=9336, stack(0x0000003911700000,0x0000003911800000)]
  0x000001f9a5d37000 JavaThread "surefire-forkedjvm-command-thread" daemon [_thread_in_native, id=7164, stack(0x0000003911800000,0x0000003911900000)]
  0x000001f9a5cb4800 JavaThread "surefire-forkedjvm-ping-30s" daemon [_thread_blocked, id=2188, stack(0x0000003911900000,0x0000003911a00000)]
  0x000001f9a6cd2800 JavaThread "C2 CompilerThread1" daemon [_thread_in_native, id=8800, stack(0x0000003911f00000,0x0000003912000000)]
  0x000001f9a7e25800 JavaThread "PostgreSQL-JDBC-SharedTimer-1" daemon [_thread_blocked, id=5972, stack(0x0000003912400000,0x0000003912500000)]
  0x000001f9aa2ec800 JavaThread "HikariPool-1 housekeeper" daemon [_thread_blocked, id=9132, stack(0x0000003912500000,0x0000003912600000)]
  0x000001f9ab570800 JavaThread "task-1" [_thread_in_Java, id=10176, stack(0x0000003912700000,0x0000003912800000)]

Other Threads:
  0x000001f9a524c000 VMThread "VM Thread" [stack: 0x0000003910c00000,0x0000003910d00000] [id=7452]
  0x000001f9a5cb8000 WatcherThread [stack: 0x0000003911600000,0x0000003911700000] [id=11112]
  0x000001f986abe800 GCTaskThread "GC Thread#0" [stack: 0x0000003910700000,0x0000003910800000] [id=8576]
  0x000001f9a5e3d800 GCTaskThread "GC Thread#1" [stack: 0x0000003911b00000,0x0000003911c00000] [id=6852]
  0x000001f9a636c800 GCTaskThread "GC Thread#2" [stack: 0x0000003911c00000,0x0000003911d00000] [id=2120]
  0x000001f9a6ea3800 GCTaskThread "GC Thread#3" [stack: 0x0000003912100000,0x0000003912200000] [id=3376]
  0x000001f986ad0000 ConcurrentGCThread "G1 Main Marker" [stack: 0x0000003910800000,0x0000003910900000] [id=6096]
  0x000001f986ad1000 ConcurrentGCThread "G1 Conc#0" [stack: 0x0000003910900000,0x0000003910a00000] [id=236]
  0x000001f986b4e000 ConcurrentGCThread "G1 Refine#0" [stack: 0x0000003910a00000,0x0000003910b00000] [id=5848]
  0x000001f9a6289000 ConcurrentGCThread "G1 Refine#1" [stack: 0x0000003911d00000,0x0000003911e00000] [id=10896]
  0x000001f9a50c0800 ConcurrentGCThread "G1 Young RemSet Sampling" [stack: 0x0000003910b00000,0x0000003910c00000] [id=10672]

Threads with active compile tasks:
C2 CompilerThread0    20178 5741       4       org.springframework.core.ResolvableType::<init> (39 bytes)
C2 CompilerThread1    20179 5803   !   4       org.springframework.core.annotation.AnnotationsScanner::processMethodHierarchy (276 bytes)

VM state:not at safepoint (normal execution)

VM Mutex/Monitor currently owned by a thread: None

Heap address: 0x0000000081400000, size: 2028 MB, Compressed Oops mode: 32-bit
Narrow klass base: 0x0000000800000000, Narrow klass shift: 3
Compressed class space size: 1073741824 Address: 0x0000000800b30000

Heap:
 garbage-first heap   total 109568K, used 52160K [0x0000000081400000, 0x0000000100000000)
  region size 1024K, 23 young (23552K), 4 survivors (4096K)
 Metaspace       used 56013K, capacity 57596K, committed 57856K, reserved 1099776K
  class space    used 7557K, capacity 8173K, committed 8192K, reserved 1048576K
Heap Regions: E=young(eden), S=young(survivor), O=old, HS=humongous(starts), HC=humongous(continues), CS=collection set, F=free, OA=open archive, CA=closed archive, TAMS=top-at-mark-start (previous, next)
|   0|0x0000000081400000, 0x0000000081500000, 0x0000000081500000|100%|HS|  |TAMS 0x0000000081500000, 0x0000000081400000| Complete 
|   1|0x0000000081500000, 0x0000000081600000, 0x0000000081600000|100%| O|  |TAMS 0x0000000081600000, 0x0000000081500000| Untracked 
|   2|0x0000000081600000, 0x0000000081700000, 0x0000000081700000|100%| O|  |TAMS 0x0000000081700000, 0x0000000081600000| Untracked 
|   3|0x0000000081700000, 0x0000000081800000, 0x0000000081800000|100%| O|  |TAMS 0x0000000081800000, 0x0000000081700000| Untracked 
|   4|0x0000000081800000, 0x0000000081900000, 0x0000000081900000|100%| O|  |TAMS 0x0000000081900000, 0x0000000081800000| Untracked 
|   5|0x0000000081900000, 0x0000000081a00000, 0x0000000081a00000|100%| O|  |TAMS 0x0000000081a00000, 0x0000000081900000| Untracked 
|   6|0x0000000081a00000, 0x0000000081b00000, 0x0000000081b00000|100%| O|  |TAMS 0x0000000081b00000, 0x0000000081a00000| Untracked 
|   7|0x0000000081b00000, 0x0000000081b33000, 0x0000000081c00000| 19%| O|  |TAMS 0x0000000081b33000, 0x0000000081b00000| Untracked 
|   8|0x0000000081c00000, 0x0000000081d00000, 0x0000000081d00000|100%| O|  |TAMS 0x0000000081d00000, 0x0000000081c00000| Untracked 
|   9|0x0000000081d00000, 0x0000000081e00000, 0x0000000081e00000|100%| O|  |TAMS 0x0000000081e00000, 0x0000000081d00000| Untracked 
|  10|0x0000000081e00000, 0x0000000081f00000, 0x0000000081f00000|100%| O|  |TAMS 0x0000000081f00000, 0x0000000081e00000| Untracked 
|  11|0x0000000081f00000, 0x0000000082000000, 0x0000000082000000|100%| O|  |TAMS 0x0000000082000000, 0x0000000081f00000| Untracked 
|  12|0x0000000082000000, 0x0000000082100000, 0x0000000082100000|100%| O|  |TAMS 0x0000000082100000, 0x0000000082000000| Untracked 
|  13|0x0000000082100000, 0x0000000082200000, 0x0000000082200000|100%| O|  |TAMS 0x0000000082200000, 0x0000000082100000| Untracked 
|  14|0x0000000082200000, 0x0000000082300000, 0x0000000082300000|100%| O|  |TAMS 0x0000000082300000, 0x0000000082200000| Untracked 
|  15|0x0000000082300000, 0x0000000082400000, 0x0000000082400000|100%| O|  |TAMS 0x0000000082400000, 0x0000000082300000| Untracked 
|  16|0x0000000082400000, 0x0000000082500000, 0x0000000082500000|100%| O|  |TAMS 0x0000000082500000, 0x0000000082400000| Untracked 
|  17|0x0000000082500000, 0x0000000082558000, 0x0000000082600000| 34%| O|  |TAMS 0x0000000082558000, 0x0000000082500000| Untracked 
|  18|0x0000000082600000, 0x0000000082700000, 0x0000000082700000|100%| O|  |TAMS 0x0000000082600000, 0x0000000082600000| Untracked 
|  19|0x0000000082700000, 0x0000000082800000, 0x0000000082800000|100%| O|  |TAMS 0x0000000082700000, 0x0000000082700000| Untracked 
|  20|0x0000000082800000, 0x0000000082900000, 0x0000000082900000|100%| O|  |TAMS 0x0000000082800000, 0x0000000082800000| Untracked 
|  21|0x0000000082900000, 0x0000000082a00000, 0x0000000082a00000|100%| O|  |TAMS 0x0000000082900000, 0x0000000082900000| Untracked 
|  22|0x0000000082a00000, 0x0000000082b00000, 0x0000000082b00000|100%| O|  |TAMS 0x0000000082a00000, 0x0000000082a00000| Untracked 
|  23|0x0000000082b00000, 0x0000000082c00000, 0x0000000082c00000|100%| O|  |TAMS 0x0000000082b00000, 0x0000000082b00000| Untracked 
|  24|0x0000000082c00000, 0x0000000082d00000, 0x0000000082d00000|100%| O|  |TAMS 0x0000000082c00000, 0x0000000082c00000| Untracked 
|  25|0x0000000082d00000, 0x0000000082e00000, 0x0000000082e00000|100%| O|  |TAMS 0x0000000082d00000, 0x0000000082d00000| Untracked 
|  26|0x0000000082e00000, 0x0000000082f00000, 0x0000000082f00000|100%| O|  |TAMS 0x0000000082e00000, 0x0000000082e00000| Untracked 
|  27|0x0000000082f00000, 0x0000000083000000, 0x0000000083000000|100%| O|  |TAMS 0x0000000082f00000, 0x0000000082f00000| Untracked 
|  28|0x0000000083000000, 0x0000000083100000, 0x0000000083100000|100%| O|  |TAMS 0x0000000083000000, 0x0000000083000000| Untracked 
|  29|0x0000000083100000, 0x0000000083200000, 0x0000000083200000|100%| O|  |TAMS 0x0000000083100000, 0x0000000083100000| Untracked 
|  30|0x0000000083200000, 0x0000000083300000, 0x0000000083300000|100%| O|  |TAMS 0x0000000083200000, 0x0000000083200000| Untracked 
|  31|0x0000000083300000, 0x0000000083336400, 0x0000000083400000| 21%| O|  |TAMS 0x0000000083300000, 0x0000000083300000| Untracked 
|  32|0x0000000083400000, 0x0000000083400000, 0x0000000083500000|  0%| F|  |TAMS 0x0000000083400000, 0x0000000083400000| Untracked 
|  33|0x0000000083500000, 0x0000000083500000, 0x0000000083600000|  0%| F|  |TAMS 0x0000000083500000, 0x0000000083500000| Untracked 
|  34|0x0000000083600000, 0x0000000083600000, 0x0000000083700000|  0%| F|  |TAMS 0x0000000083600000, 0x0000000083600000| Untracked 
|  35|0x0000000083700000, 0x0000000083700000, 0x0000000083800000|  0%| F|  |TAMS 0x0000000083700000, 0x0000000083700000| Untracked 
|  36|0x0000000083800000, 0x0000000083800000, 0x0000000083900000|  0%| F|  |TAMS 0x0000000083800000, 0x0000000083800000| Untracked 
|  37|0x0000000083900000, 0x0000000083900000, 0x0000000083a00000|  0%| F|  |TAMS 0x0000000083900000, 0x0000000083900000| Untracked 
|  38|0x0000000083a00000, 0x0000000083a00000, 0x0000000083b00000|  0%| F|  |TAMS 0x0000000083a00000, 0x0000000083a00000| Untracked 
|  39|0x0000000083b00000, 0x0000000083b00000, 0x0000000083c00000|  0%| F|  |TAMS 0x0000000083b00000, 0x0000000083b00000| Untracked 
|  40|0x0000000083c00000, 0x0000000083c2ee48, 0x0000000083d00000| 18%| S|CS|TAMS 0x0000000083c00000, 0x0000000083c00000| Complete 
|  41|0x0000000083d00000, 0x0000000083d00000, 0x0000000083e00000|  0%| F|  |TAMS 0x0000000083d00000, 0x0000000083d00000| Untracked 
|  42|0x0000000083e00000, 0x0000000083e00000, 0x0000000083f00000|  0%| F|  |TAMS 0x0000000083e00000, 0x0000000083e00000| Untracked 
|  43|0x0000000083f00000, 0x0000000083f00000, 0x0000000084000000|  0%| F|  |TAMS 0x0000000083f00000, 0x0000000083f00000| Untracked 
|  44|0x0000000084000000, 0x0000000084100000, 0x0000000084100000|100%| S|CS|TAMS 0x0000000084000000, 0x0000000084000000| Complete 
|  45|0x0000000084100000, 0x0000000084200000, 0x0000000084200000|100%| S|CS|TAMS 0x0000000084100000, 0x0000000084100000| Complete 
|  46|0x0000000084200000, 0x0000000084200000, 0x0000000084300000|  0%| F|  |TAMS 0x0000000084200000, 0x0000000084200000| Untracked 
|  47|0x0000000084300000, 0x0000000084400000, 0x0000000084400000|100%| S|CS|TAMS 0x0000000084300000, 0x0000000084300000| Complete 
|  48|0x0000000084400000, 0x0000000084400000, 0x0000000084500000|  0%| F|  |TAMS 0x0000000084400000, 0x0000000084400000| Untracked 
|  49|0x0000000084500000, 0x0000000084500000, 0x0000000084600000|  0%| F|  |TAMS 0x0000000084500000, 0x0000000084500000| Untracked 
|  50|0x0000000084600000, 0x0000000084600000, 0x0000000084700000|  0%| F|  |TAMS 0x0000000084600000, 0x0000000084600000| Untracked 
|  51|0x0000000084700000, 0x0000000084700000, 0x0000000084800000|  0%| F|  |TAMS 0x0000000084700000, 0x0000000084700000| Untracked 
|  52|0x0000000084800000, 0x0000000084800000, 0x0000000084900000|  0%| F|  |TAMS 0x0000000084800000, 0x0000000084800000| Untracked 
|  53|0x0000000084900000, 0x0000000084900000, 0x0000000084a00000|  0%| F|  |TAMS 0x0000000084900000, 0x0000000084900000| Untracked 
|  54|0x0000000084a00000, 0x0000000084a00000, 0x0000000084b00000|  0%| F|  |TAMS 0x0000000084a00000, 0x0000000084a00000| Untracked 
|  55|0x0000000084b00000, 0x0000000084b00000, 0x0000000084c00000|  0%| F|  |TAMS 0x0000000084b00000, 0x0000000084b00000| Untracked 
|  56|0x0000000084c00000, 0x0000000084c00000, 0x0000000084d00000|  0%| F|  |TAMS 0x0000000084c00000, 0x0000000084c00000| Untracked 
|  57|0x0000000084d00000, 0x0000000084d00000, 0x0000000084e00000|  0%| F|  |TAMS 0x0000000084d00000, 0x0000000084d00000| Untracked 
|  58|0x0000000084e00000, 0x0000000084e00000, 0x0000000084f00000|  0%| F|  |TAMS 0x0000000084e00000, 0x0000000084e00000| Untracked 
|  59|0x0000000084f00000, 0x0000000084f00000, 0x0000000085000000|  0%| F|  |TAMS 0x0000000084f00000, 0x0000000084f00000| Untracked 
|  60|0x0000000085000000, 0x0000000085000000, 0x0000000085100000|  0%| F|  |TAMS 0x0000000085000000, 0x0000000085000000| Untracked 
|  61|0x0000000085100000, 0x0000000085100000, 0x0000000085200000|  0%| F|  |TAMS 0x0000000085100000, 0x0000000085100000| Untracked 
|  62|0x0000000085200000, 0x0000000085200000, 0x0000000085300000|  0%| F|  |TAMS 0x0000000085200000, 0x0000000085200000| Untracked 
|  63|0x0000000085300000, 0x0000000085300000, 0x0000000085400000|  0%| F|  |TAMS 0x0000000085300000, 0x0000000085300000| Untracked 
|  64|0x0000000085400000, 0x0000000085400000, 0x0000000085500000|  0%| F|  |TAMS 0x0000000085400000, 0x0000000085400000| Untracked 
|  65|0x0000000085500000, 0x0000000085500000, 0x0000000085600000|  0%| F|  |TAMS 0x0000000085500000, 0x0000000085500000| Untracked 
|  66|0x0000000085600000, 0x0000000085600000, 0x0000000085700000|  0%| F|  |TAMS 0x0000000085600000, 0x0000000085600000| Untracked 
|  67|0x0000000085700000, 0x0000000085700000, 0x0000000085800000|  0%| F|  |TAMS 0x0000000085700000, 0x0000000085700000| Untracked 
|  68|0x0000000085800000, 0x0000000085800000, 0x0000000085900000|  0%| F|  |TAMS 0x0000000085800000, 0x0000000085800000| Untracked 
|  69|0x0000000085900000, 0x0000000085900000, 0x0000000085a00000|  0%| F|  |TAMS 0x0000000085900000, 0x0000000085900000| Untracked 
|  70|0x0000000085a00000, 0x0000000085a00000, 0x0000000085b00000|  0%| F|  |TAMS 0x0000000085a00000, 0x0000000085a00000| Untracked 
|  71|0x0000000085b00000, 0x0000000085b00000, 0x0000000085c00000|  0%| F|  |TAMS 0x0000000085b00000, 0x0000000085b00000| Untracked 
|  72|0x0000000085c00000, 0x0000000085c00000, 0x0000000085d00000|  0%| F|  |TAMS 0x0000000085c00000, 0x0000000085c00000| Untracked 
|  73|0x0000000085d00000, 0x0000000085d00000, 0x0000000085e00000|  0%| F|  |TAMS 0x0000000085d00000, 0x0000000085d00000| Untracked 
|  74|0x0000000085e00000, 0x0000000085e00000, 0x0000000085f00000|  0%| F|  |TAMS 0x0000000085e00000, 0x0000000085e00000| Untracked 
|  75|0x0000000085f00000, 0x0000000085f00000, 0x0000000086000000|  0%| F|  |TAMS 0x0000000085f00000, 0x0000000085f00000| Untracked 
|  76|0x0000000086000000, 0x0000000086000000, 0x0000000086100000|  0%| F|  |TAMS 0x0000000086000000, 0x0000000086000000| Untracked 
|  77|0x0000000086100000, 0x0000000086100000, 0x0000000086200000|  0%| F|  |TAMS 0x0000000086100000, 0x0000000086100000| Untracked 
|  78|0x0000000086200000, 0x0000000086200000, 0x0000000086300000|  0%| F|  |TAMS 0x0000000086200000, 0x0000000086200000| Untracked 
|  79|0x0000000086300000, 0x0000000086300000, 0x0000000086400000|  0%| F|  |TAMS 0x0000000086300000, 0x0000000086300000| Untracked 
|  80|0x0000000086400000, 0x0000000086400000, 0x0000000086500000|  0%| F|  |TAMS 0x0000000086400000, 0x0000000086400000| Untracked 
|  81|0x0000000086500000, 0x0000000086500000, 0x0000000086600000|  0%| F|  |TAMS 0x0000000086500000, 0x0000000086500000| Untracked 
|  82|0x0000000086600000, 0x0000000086600000, 0x0000000086700000|  0%| F|  |TAMS 0x0000000086600000, 0x0000000086600000| Untracked 
|  83|0x0000000086700000, 0x0000000086700000, 0x0000000086800000|  0%| F|  |TAMS 0x0000000086700000, 0x0000000086700000| Untracked 
|  84|0x0000000086800000, 0x0000000086800000, 0x0000000086900000|  0%| F|  |TAMS 0x0000000086800000, 0x0000000086800000| Untracked 
|  85|0x0000000086900000, 0x0000000086900000, 0x0000000086a00000|  0%| F|  |TAMS 0x0000000086900000, 0x0000000086900000| Untracked 
|  86|0x0000000086a00000, 0x0000000086a00000, 0x0000000086b00000|  0%| F|  |TAMS 0x0000000086a00000, 0x0000000086a00000| Untracked 
|  87|0x0000000086b00000, 0x0000000086b00000, 0x0000000086c00000|  0%| F|  |TAMS 0x0000000086b00000, 0x0000000086b00000| Untracked 
|  88|0x0000000086c00000, 0x0000000086d00000, 0x0000000086d00000|100%| E|  |TAMS 0x0000000086c00000, 0x0000000086c00000| Complete 
|  89|0x0000000086d00000, 0x0000000086e00000, 0x0000000086e00000|100%| E|CS|TAMS 0x0000000086d00000, 0x0000000086d00000| Complete 
|  90|0x0000000086e00000, 0x0000000086f00000, 0x0000000086f00000|100%| E|CS|TAMS 0x0000000086e00000, 0x0000000086e00000| Complete 
|  91|0x0000000086f00000, 0x0000000087000000, 0x0000000087000000|100%| E|CS|TAMS 0x0000000086f00000, 0x0000000086f00000| Complete 
|  92|0x0000000087000000, 0x0000000087100000, 0x0000000087100000|100%| E|CS|TAMS 0x0000000087000000, 0x0000000087000000| Complete 
|  93|0x0000000087100000, 0x0000000087200000, 0x0000000087200000|100%| E|CS|TAMS 0x0000000087100000, 0x0000000087100000| Complete 
|  94|0x0000000087200000, 0x0000000087300000, 0x0000000087300000|100%| E|CS|TAMS 0x0000000087200000, 0x0000000087200000| Complete 
|  95|0x0000000087300000, 0x0000000087400000, 0x0000000087400000|100%| E|CS|TAMS 0x0000000087300000, 0x0000000087300000| Complete 
|  96|0x0000000087400000, 0x0000000087500000, 0x0000000087500000|100%| E|CS|TAMS 0x0000000087400000, 0x0000000087400000| Complete 
|  97|0x0000000087500000, 0x0000000087600000, 0x0000000087600000|100%| E|CS|TAMS 0x0000000087500000, 0x0000000087500000| Complete 
|  98|0x0000000087600000, 0x0000000087700000, 0x0000000087700000|100%| E|CS|TAMS 0x0000000087600000, 0x0000000087600000| Complete 
|  99|0x0000000087700000, 0x0000000087800000, 0x0000000087800000|100%| E|CS|TAMS 0x0000000087700000, 0x0000000087700000| Complete 
| 100|0x0000000087800000, 0x0000000087900000, 0x0000000087900000|100%| E|CS|TAMS 0x0000000087800000, 0x0000000087800000| Complete 
| 101|0x0000000087900000, 0x0000000087a00000, 0x0000000087a00000|100%| E|CS|TAMS 0x0000000087900000, 0x0000000087900000| Complete 
| 102|0x0000000087a00000, 0x0000000087b00000, 0x0000000087b00000|100%| E|CS|TAMS 0x0000000087a00000, 0x0000000087a00000| Complete 
| 103|0x0000000087b00000, 0x0000000087c00000, 0x0000000087c00000|100%| E|CS|TAMS 0x0000000087b00000, 0x0000000087b00000| Complete 
| 104|0x0000000087c00000, 0x0000000087d00000, 0x0000000087d00000|100%| E|CS|TAMS 0x0000000087c00000, 0x0000000087c00000| Complete 
| 105|0x0000000087d00000, 0x0000000087e00000, 0x0000000087e00000|100%| E|CS|TAMS 0x0000000087d00000, 0x0000000087d00000| Complete 
| 127|0x0000000089300000, 0x0000000089400000, 0x0000000089400000|100%| E|CS|TAMS 0x0000000089300000, 0x0000000089300000| Complete 

Card table byte_map: [0x000001f99e620000,0x000001f99ea20000] _byte_map_base: 0x000001f99e216000

Marking Bits (Prev, Next): (CMBitMap*) 0x000001f986abf368, (CMBitMap*) 0x000001f986abf328
 Prev Bits: [0x000001f9a0dd0000, 0x000001f9a2d80000)
 Next Bits: [0x000001f99ee20000, 0x000001f9a0dd0000)

Polling page: 0x000001f986250000

Metaspace:

Usage:
  Non-class:     48.26 MB capacity,    47.32 MB ( 98%) used,   767.34 KB (  2%) free+waste,   199.75 KB ( <1%) overhead. 
      Class:      7.98 MB capacity,     7.38 MB ( 92%) used,   520.35 KB (  6%) free+waste,    94.75 KB (  1%) overhead. 
       Both:     56.25 MB capacity,    54.70 MB ( 97%) used,     1.26 MB (  2%) free+waste,   294.50 KB ( <1%) overhead. 

Virtual space:
  Non-class space:       50.00 MB reserved,      48.50 MB ( 97%) committed 
      Class space:        1.00 GB reserved,       8.00 MB ( <1%) committed 
             Both:        1.05 GB reserved,      56.50 MB (  5%) committed 

Chunk freelists:
   Non-Class:  49.00 KB
       Class:  19.00 KB
        Both:  68.00 KB

MaxMetaspaceSize: 17179869184.00 GB
CompressedClassSpaceSize: 1.00 GB

CodeHeap 'non-profiled nmethods': size=120000Kb used=3214Kb max_used=3214Kb free=116785Kb
 bounds [0x000001f996cf0000, 0x000001f997030000, 0x000001f99e220000]
CodeHeap 'profiled nmethods': size=120000Kb used=11581Kb max_used=11581Kb free=108418Kb
 bounds [0x000001f98f7c0000, 0x000001f990320000, 0x000001f996cf0000]
CodeHeap 'non-nmethods': size=5760Kb used=1294Kb max_used=1359Kb free=4465Kb
 bounds [0x000001f98f220000, 0x000001f98f490000, 0x000001f98f7c0000]
 total_blobs=6002 nmethods=5425 adapters=489
 compilation: enabled
              stopped_count=0, restarted_count=0
 full_count=0

Compilation events (20 events):
Event: 20.020 Thread 0x000001f9a528c000 6173   !   2       java.lang.Class::getTypeName (59 bytes)
Event: 20.022 Thread 0x000001f9a528c000 nmethod 6173 0x000001f990306b90 code [0x000001f990306dc0, 0x000001f990307348]
Event: 20.022 Thread 0x000001f9a528c000 6174       2       sun.reflect.generics.reflectiveObjects.TypeVariableImpl::make (66 bytes)
Event: 20.024 Thread 0x000001f9a528c000 nmethod 6174 0x000001f990307790 code [0x000001f9903079a0, 0x000001f9903080c8]
Event: 20.024 Thread 0x000001f9a528c000 6176       2       sun.reflect.generics.parser.SignatureParser::parseBounds (112 bytes)
Event: 20.026 Thread 0x000001f9a528c000 nmethod 6176 0x000001f990308390 code [0x000001f9903085e0, 0x000001f990308d58]
Event: 20.026 Thread 0x000001f9a528c000 6178       2       sun.reflect.generics.parser.SignatureParser::parseSuperInterfaces (51 bytes)
Event: 20.027 Thread 0x000001f9a528c000 nmethod 6178 0x000001f990309110 code [0x000001f990309300, 0x000001f990309808]
Event: 20.027 Thread 0x000001f9a528c000 6177       2       sun.reflect.generics.reflectiveObjects.TypeVariableImpl::toString (5 bytes)
Event: 20.027 Thread 0x000001f9a528c000 nmethod 6177 0x000001f990309a90 code [0x000001f990309c20, 0x000001f990309d38]
Event: 20.027 Thread 0x000001f9a528c000 6179       2       sun.reflect.generics.parser.SignatureParser::parseTypeVariableSignature (95 bytes)
Event: 20.029 Thread 0x000001f9a528c000 nmethod 6179 0x000001f990309e10 code [0x000001f99030a060, 0x000001f99030a608]
Event: 20.029 Thread 0x000001f9a528c000 6180       2       sun.reflect.generics.tree.TypeVariableSignature::make (9 bytes)
Event: 20.030 Thread 0x000001f9a528c000 nmethod 6180 0x000001f99030a910 code [0x000001f99030aaa0, 0x000001f99030ac38]
Event: 20.030 Thread 0x000001f9a528c000 6175       2       sun.reflect.generics.parser.SignatureParser::parseFormalTypeParameter (16 bytes)
Event: 20.031 Thread 0x000001f9a528c000 nmethod 6175 0x000001f99030ad10 code [0x000001f99030aee0, 0x000001f99030b1a8]
Event: 20.033 Thread 0x000001f9a528c000 6181       2       com.sun.beans.WeakCache::get (42 bytes)
Event: 20.034 Thread 0x000001f9a528c000 nmethod 6181 0x000001f99030b310 code [0x000001f99030b4e0, 0x000001f99030b708]
Event: 20.057 Thread 0x000001f9a528c000 6182       2       org.springframework.core.MethodClassKey::compareTo (78 bytes)
Event: 20.059 Thread 0x000001f9a528c000 nmethod 6182 0x000001f99030b810 code [0x000001f99030ba20, 0x000001f99030bde8]

GC Heap History (20 events):
Event: 9.691 GC heap before
{Heap before GC invocations=10 (full 0):
 garbage-first heap   total 66560K, used 51667K [0x0000000081400000, 0x0000000100000000)
  region size 1024K, 39 young (39936K), 4 survivors (4096K)
 Metaspace       used 30638K, capacity 31732K, committed 31872K, reserved 1077248K
  class space    used 3963K, capacity 4412K, committed 4480K, reserved 1048576K
}
Event: 9.710 GC heap after
{Heap after GC invocations=11 (full 0):
 garbage-first heap   total 66560K, used 17110K [0x0000000081400000, 0x0000000100000000)
  region size 1024K, 4 young (4096K), 4 survivors (4096K)
 Metaspace       used 30638K, capacity 31732K, committed 31872K, reserved 1077248K
  class space    used 3963K, capacity 4412K, committed 4480K, reserved 1048576K
}
Event: 10.972 GC heap before
{Heap before GC invocations=11 (full 0):
 garbage-first heap   total 66560K, used 52950K [0x0000000081400000, 0x0000000100000000)
  region size 1024K, 39 young (39936K), 4 survivors (4096K)
 Metaspace       used 32772K, capacity 33927K, committed 34176K, reserved 1079296K
  class space    used 4238K, capacity 4682K, committed 4736K, reserved 1048576K
}
Event: 11.010 GC heap after
{Heap after GC invocations=12 (full 0):
 garbage-first heap   total 79872K, used 19250K [0x0000000081400000, 0x0000000100000000)
  region size 1024K, 4 young (4096K), 4 survivors (4096K)
 Metaspace       used 32772K, capacity 33927K, committed 34176K, reserved 1079296K
  class space    used 4238K, capacity 4682K, committed 4736K, reserved 1048576K
}
Event: 11.623 GC heap before
{Heap before GC invocations=12 (full 0):
 garbage-first heap   total 79872K, used 30514K [0x0000000081400000, 0x0000000100000000)
  region size 1024K, 16 young (16384K), 4 survivors (4096K)
 Metaspace       used 34567K, capacity 35695K, committed 35840K, reserved 1081344K
  class space    used 4449K, capacity 4909K, committed 4992K, reserved 1048576K
}
Event: 11.651 GC heap after
{Heap after GC invocations=13 (full 0):
 garbage-first heap   total 79872K, used 19999K [0x0000000081400000, 0x0000000100000000)
  region size 1024K, 3 young (3072K), 3 survivors (3072K)
 Metaspace       used 34567K, capacity 35695K, committed 35840K, reserved 1081344K
  class space    used 4449K, capacity 4909K, committed 4992K, reserved 1048576K
}
Event: 13.801 GC heap before
{Heap before GC invocations=14 (full 0):
 garbage-first heap   total 75776K, used 60959K [0x0000000081400000, 0x0000000100000000)
  region size 1024K, 44 young (45056K), 3 survivors (3072K)
 Metaspace       used 38803K, capacity 39980K, committed 40064K, reserved 1083392K
  class space    used 4959K, capacity 5437K, committed 5504K, reserved 1048576K
}
Event: 13.819 GC heap after
{Heap after GC invocations=15 (full 0):
 garbage-first heap   total 75776K, used 22207K [0x0000000081400000, 0x0000000100000000)
  region size 1024K, 6 young (6144K), 6 survivors (6144K)
 Metaspace       used 38803K, capacity 39980K, committed 40064K, reserved 1083392K
  class space    used 4959K, capacity 5437K, committed 5504K, reserved 1048576K
}
Event: 15.123 GC heap before
{Heap before GC invocations=16 (full 0):
 garbage-first heap   total 75776K, used 59071K [0x0000000081400000, 0x0000000100000000)
  region size 1024K, 42 young (43008K), 6 survivors (6144K)
 Metaspace       used 41594K, capacity 42912K, committed 43136K, reserved 1087488K
  class space    used 5460K, capacity 5966K, committed 6016K, reserved 1048576K
}
Event: 15.137 GC heap after
{Heap after GC invocations=17 (full 0):
 garbage-first heap   total 75776K, used 24174K [0x0000000081400000, 0x0000000100000000)
  region size 1024K, 5 young (5120K), 5 survivors (5120K)
 Metaspace       used 41594K, capacity 42912K, committed 43136K, reserved 1087488K
  class space    used 5460K, capacity 5966K, committed 6016K, reserved 1048576K
}
Event: 16.052 GC heap before
{Heap before GC invocations=17 (full 0):
 garbage-first heap   total 75776K, used 57965K [0x0000000081400000, 0x0000000100000000)
  region size 1024K, 39 young (39936K), 5 survivors (5120K)
 Metaspace       used 43019K, capacity 44302K, committed 44416K, reserved 1087488K
  class space    used 5707K, capacity 6213K, committed 6272K, reserved 1048576K
}
Event: 16.068 GC heap after
{Heap after GC invocations=18 (full 0):
 garbage-first heap   total 91136K, used 26135K [0x0000000081400000, 0x0000000100000000)
  region size 1024K, 4 young (4096K), 4 survivors (4096K)
 Metaspace       used 43019K, capacity 44302K, committed 44416K, reserved 1087488K
  class space    used 5707K, capacity 6213K, committed 6272K, reserved 1048576K
}
Event: 17.171 GC heap before
{Heap before GC invocations=18 (full 0):
 garbage-first heap   total 91136K, used 72215K [0x0000000081400000, 0x0000000100000000)
  region size 1024K, 49 young (50176K), 4 survivors (4096K)
 Metaspace       used 47192K, capacity 48493K, committed 48768K, reserved 1091584K
  class space    used 6200K, capacity 6728K, committed 6784K, reserved 1048576K
}
Event: 17.185 GC heap after
{Heap after GC invocations=19 (full 0):
 garbage-first heap   total 91136K, used 28186K [0x0000000081400000, 0x0000000100000000)
  region size 1024K, 6 young (6144K), 6 survivors (6144K)
 Metaspace       used 47192K, capacity 48493K, committed 48768K, reserved 1091584K
  class space    used 6200K, capacity 6728K, committed 6784K, reserved 1048576K
}
Event: 18.066 GC heap before
{Heap before GC invocations=19 (full 0):
 garbage-first heap   total 91136K, used 71194K [0x0000000081400000, 0x0000000100000000)
  region size 1024K, 49 young (50176K), 6 survivors (6144K)
 Metaspace       used 50367K, capacity 51857K, committed 52096K, reserved 1093632K
  class space    used 6643K, capacity 7208K, committed 7296K, reserved 1048576K
}
Event: 18.086 GC heap after
{Heap after GC invocations=20 (full 0):
 garbage-first heap   total 91136K, used 30496K [0x0000000081400000, 0x0000000100000000)
  region size 1024K, 5 young (5120K), 5 survivors (5120K)
 Metaspace       used 50367K, capacity 51857K, committed 52096K, reserved 1093632K
  class space    used 6643K, capacity 7208K, committed 7296K, reserved 1048576K
}
Event: 18.786 GC heap before
{Heap before GC invocations=20 (full 0):
 garbage-first heap   total 91136K, used 73504K [0x0000000081400000, 0x0000000100000000)
  region size 1024K, 47 young (48128K), 5 survivors (5120K)
 Metaspace       used 53311K, capacity 54862K, committed 54912K, reserved 1095680K
  class space    used 7173K, capacity 7759K, committed 7808K, reserved 1048576K
}
Event: 18.801 GC heap after
{Heap after GC invocations=21 (full 0):
 garbage-first heap   total 91136K, used 32053K [0x0000000081400000, 0x0000000100000000)
  region size 1024K, 4 young (4096K), 4 survivors (4096K)
 Metaspace       used 53311K, capacity 54862K, committed 54912K, reserved 1095680K
  class space    used 7173K, capacity 7759K, committed 7808K, reserved 1048576K
}
Event: 19.785 GC heap before
{Heap before GC invocations=21 (full 0):
 garbage-first heap   total 91136K, used 74037K [0x0000000081400000, 0x0000000100000000)
  region size 1024K, 45 young (46080K), 4 survivors (4096K)
 Metaspace       used 55315K, capacity 56891K, committed 57088K, reserved 1097728K
  class space    used 7442K, capacity 8069K, committed 8192K, reserved 1048576K
}
Event: 19.803 GC heap after
{Heap after GC invocations=22 (full 0):
 garbage-first heap   total 109568K, used 33728K [0x0000000081400000, 0x0000000100000000)
  region size 1024K, 4 young (4096K), 4 survivors (4096K)
 Metaspace       used 55315K, capacity 56891K, committed 57088K, reserved 1097728K
  class space    used 7442K, capacity 8069K, committed 8192K, reserved 1048576K
}

Deoptimization events (20 events):
Event: 19.704 Thread 0x000001f986a7f800 Uncommon trap: trap_request=0xffffffde fr.pc=0x000001f996dc7ef4 relative=0x0000000000000134
Event: 19.704 Thread 0x000001f986a7f800 Uncommon trap: reason=class_check action=maybe_recompile pc=0x000001f996dc7ef4 method=org.springframework.boot.context.properties.source.ConfigurationPropertyName$Elements.charAt(II)C @ 43 c2
Event: 19.704 Thread 0x000001f986a7f800 DEOPT PACKING pc=0x000001f996dc7ef4 sp=0x00000039106f8330
Event: 19.704 Thread 0x000001f986a7f800 DEOPT UNPACKING pc=0x000001f98f26912f sp=0x00000039106f82a8 mode 2
Event: 19.763 Thread 0x000001f9ab570800 Uncommon trap: trap_request=0xffffff45 fr.pc=0x000001f996cf4f40 relative=0x0000000000000080
Event: 19.763 Thread 0x000001f9ab570800 Uncommon trap: reason=unstable_if action=reinterpret pc=0x000001f996cf4f40 method=java.lang.String.isLatin1()Z @ 10 c2
Event: 19.763 Thread 0x000001f9ab570800 DEOPT PACKING pc=0x000001f996cf4f40 sp=0x00000039127fdd90
Event: 19.763 Thread 0x000001f9ab570800 DEOPT UNPACKING pc=0x000001f98f26912f sp=0x00000039127fdcd0 mode 2
Event: 19.776 Thread 0x000001f9ab570800 Uncommon trap: trap_request=0xffffff45 fr.pc=0x000001f996dd3ab8 relative=0x0000000000000258
Event: 19.776 Thread 0x000001f9ab570800 Uncommon trap: reason=unstable_if action=reinterpret pc=0x000001f996dd3ab8 method=java.util.HashMap.getNode(ILjava/lang/Object;)Ljava/util/HashMap$Node; @ 62 c2
Event: 19.776 Thread 0x000001f9ab570800 DEOPT PACKING pc=0x000001f996dd3ab8 sp=0x00000039127fe140
Event: 19.776 Thread 0x000001f9ab570800 DEOPT UNPACKING pc=0x000001f98f26912f sp=0x00000039127fe0c0 mode 2
Event: 19.896 Thread 0x000001f986a7f800 Uncommon trap: trap_request=0xfffffff4 fr.pc=0x000001f996eb16e0 relative=0x0000000000000320
Event: 19.896 Thread 0x000001f986a7f800 Uncommon trap: reason=null_check action=make_not_entrant pc=0x000001f996eb16e0 method=org.springframework.util.ClassUtils.isAssignable(Ljava/lang/Class;Ljava/lang/Class;)Z @ 14 c2
Event: 19.896 Thread 0x000001f986a7f800 DEOPT PACKING pc=0x000001f996eb16e0 sp=0x00000039106fc160
Event: 19.896 Thread 0x000001f986a7f800 DEOPT UNPACKING pc=0x000001f98f26912f sp=0x00000039106fc0f0 mode 2
Event: 20.016 Thread 0x000001f986a7f800 Uncommon trap: trap_request=0xffffff45 fr.pc=0x000001f996d46ed0 relative=0x0000000000000330
Event: 20.016 Thread 0x000001f986a7f800 Uncommon trap: reason=unstable_if action=reinterpret pc=0x000001f996d46ed0 method=java.lang.Class.getTypeName()Ljava/lang/String; @ 23 c2
Event: 20.016 Thread 0x000001f986a7f800 DEOPT PACKING pc=0x000001f996d46ed0 sp=0x00000039106fb870
Event: 20.016 Thread 0x000001f986a7f800 DEOPT UNPACKING pc=0x000001f98f26912f sp=0x00000039106fb848 mode 2

Classes unloaded (0 events):
No events

Classes redefined (0 events):
No events

Internal exceptions (20 events):
Event: 19.912 Thread 0x000001f986a7f800 Exception <a 'java/lang/ClassNotFoundException'{0x0000000087a80c20}: org/springframework/data/spel/spi/ExtensionIdAwareCustomizer> (0x0000000087a80c20) 
thrown [./open/src/hotspot/share/classfile/systemDictionary.cpp, line 226]
Event: 19.920 Thread 0x000001f986a7f800 Exception <a 'java/lang/ClassNotFoundException'{0x0000000087a896e0}: java/lang/ObjectCustomizer> (0x0000000087a896e0) 
thrown [./open/src/hotspot/share/classfile/systemDictionary.cpp, line 226]
Event: 19.923 Thread 0x000001f986a7f800 Exception <a 'java/lang/ClassNotFoundException'{0x0000000087ab7ed8}: org/springframework/boot/autoconfigure/http/JacksonHttpMessageConvertersConfigurationCustomizer> (0x0000000087ab7ed8) 
thrown [./open/src/hotspot/share/classfile/systemDictionary.cpp, line 226]
Event: 19.924 Thread 0x000001f986a7f800 Exception <a 'java/lang/ClassNotFoundException'{0x0000000087abec60}: java/lang/ObjectCustomizer> (0x0000000087abec60) 
thrown [./open/src/hotspot/share/classfile/systemDictionary.cpp, line 226]
Event: 19.928 Thread 0x000001f986a7f800 Exception <a 'java/lang/ClassNotFoundException'{0x0000000087ae9348}: org/springframework/data/web/config/ProjectingArgumentResolverRegistrarCustomizer> (0x0000000087ae9348) 
thrown [./open/src/hotspot/share/classfile/systemDictionary.cpp, line 226]
Event: 19.935 Thread 0x000001f986a7f800 Exception <a 'java/lang/ClassNotFoundException'{0x00000000879caa10}: java/lang/ObjectCustomizer> (0x00000000879caa10) 
thrown [./open/src/hotspot/share/classfile/systemDictionary.cpp, line 226]
Event: 19.938 Thread 0x000001f986a7f800 Exception <a 'java/lang/ClassNotFoundException'{0x00000000879f3ff8}: org/springframework/boot/autoconfigure/info/ProjectInfoPropertiesCustomizer> (0x00000000879f3ff8) 
thrown [./open/src/hotspot/share/classfile/systemDictionary.cpp, line 226]
Event: 19.973 Thread 0x000001f986a7f800 Exception <a 'java/lang/ClassNotFoundException'{0x00000000878cef00}: java/lang/ObjectCustomizer> (0x00000000878cef00) 
thrown [./open/src/hotspot/share/classfile/systemDictionary.cpp, line 226]
Event: 19.974 Thread 0x000001f986a7f800 Exception <a 'java/lang/ClassNotFoundException'{0x00000000878f9db8}: org/springframework/boot/autoconfigure/info/ProjectInfoAutoConfigurationCustomizer> (0x00000000878f9db8) 
thrown [./open/src/hotspot/share/classfile/systemDictionary.cpp, line 226]
Event: 19.976 Thread 0x000001f986a7f800 Exception <a 'java/lang/ClassNotFoundException'{0x0000000087703798}: java/lang/ObjectCustomizer> (0x0000000087703798) 
thrown [./open/src/hotspot/share/classfile/systemDictionary.cpp, line 226]
Event: 19.978 Thread 0x000001f986a7f800 Exception <a 'java/lang/ClassNotFoundException'{0x000000008772de30}: org/springframework/boot/autoconfigure/jdbc/JdbcTemplateConfigurationCustomizer> (0x000000008772de30) 
thrown [./open/src/hotspot/share/classfile/systemDictionary.cpp, line 226]
Event: 19.982 Thread 0x000001f986a7f800 Exception <a 'java/lang/ClassNotFoundException'{0x00000000877387f8}: java/lang/ObjectCustomizer> (0x00000000877387f8) 
thrown [./open/src/hotspot/share/classfile/systemDictionary.cpp, line 226]
Event: 19.984 Thread 0x000001f986a7f800 Exception <a 'java/lang/ClassNotFoundException'{0x000000008775fd50}: org/springframework/boot/autoconfigure/jdbc/JdbcPropertiesCustomizer> (0x000000008775fd50) 
thrown [./open/src/hotspot/share/classfile/systemDictionary.cpp, line 226]
Event: 19.997 Thread 0x000001f986a7f800 Exception <a 'java/lang/ClassNotFoundException'{0x0000000087614d68}: java/lang/ObjectCustomizer> (0x0000000087614d68) 
thrown [./open/src/hotspot/share/classfile/systemDictionary.cpp, line 226]
Event: 19.999 Thread 0x000001f986a7f800 Exception <a 'java/lang/ClassNotFoundException'{0x0000000087639170}: org/springframework/jdbc/support/JdbcAccessorCustomizer> (0x0000000087639170) 
thrown [./open/src/hotspot/share/classfile/systemDictionary.cpp, line 226]
Event: 20.015 Thread 0x000001f986a7f800 Exception <a 'java/lang/ClassNotFoundException'{0x000000008765f340}: org/springframework/jdbc/core/JdbcTemplateCustomizer> (0x000000008765f340) 
thrown [./open/src/hotspot/share/classfile/systemDictionary.cpp, line 226]
Event: 20.031 Thread 0x000001f986a7f800 Exception <a 'java/lang/ClassNotFoundException'{0x0000000087574ea0}: org/springframework/jdbc/core/JdbcOperationsCustomizer> (0x0000000087574ea0) 
thrown [./open/src/hotspot/share/classfile/systemDictionary.cpp, line 226]
Event: 20.042 Thread 0x000001f986a7f800 Exception <a 'java/lang/ClassNotFoundException'{0x00000000875f6c28}: org/springframework/beans/factory/InitializingBeanCustomizer> (0x00000000875f6c28) 
thrown [./open/src/hotspot/share/classfile/systemDictionary.cpp, line 226]
Event: 20.068 Thread 0x000001f986a7f800 Exception <a 'java/lang/ClassNotFoundException'{0x00000000873f1348}: java/lang/ObjectCustomizer> (0x00000000873f1348) 
thrown [./open/src/hotspot/share/classfile/systemDictionary.cpp, line 226]
Event: 20.070 Thread 0x000001f986a7f800 Exception <a 'java/lang/ClassNotFoundException'{0x000000008721f358}: org/springframework/boot/autoconfigure/jdbc/NamedParameterJdbcTemplateConfigurationCustomizer> (0x000000008721f358) 
thrown [./open/src/hotspot/share/classfile/systemDictionary.cpp, line 226]

Events (20 events):
Event: 19.972 loading class java/lang/ObjectCustomizer
Event: 19.972 loading class java/lang/ObjectCustomizer done
Event: 19.972 loading class java/lang/ObjectCustomizer
Event: 19.972 loading class java/lang/ObjectCustomizer done
Event: 19.976 loading class java/lang/ObjectCustomizer
Event: 19.976 loading class java/lang/ObjectCustomizer done
Event: 19.976 loading class java/lang/ObjectCustomizer
Event: 19.976 loading class java/lang/ObjectCustomizer done
Event: 19.982 loading class java/lang/ObjectCustomizer
Event: 19.982 loading class java/lang/ObjectCustomizer done
Event: 19.982 loading class java/lang/ObjectCustomizer
Event: 19.982 loading class java/lang/ObjectCustomizer done
Event: 19.997 loading class java/lang/ObjectCustomizer
Event: 19.997 loading class java/lang/ObjectCustomizer done
Event: 19.997 loading class java/lang/ObjectCustomizer
Event: 19.997 loading class java/lang/ObjectCustomizer done
Event: 20.068 loading class java/lang/ObjectCustomizer
Event: 20.068 loading class java/lang/ObjectCustomizer done
Event: 20.068 loading class java/lang/ObjectCustomizer
Event: 20.068 loading class java/lang/ObjectCustomizer done


Dynamic libraries:
0x00007ff6c3170000 - 0x00007ff6c317f000 	C:\Software\eclipse\jre\bin\java.exe
0x00007ffffdfa0000 - 0x00007ffffe17b000 	C:\Windows\SYSTEM32\ntdll.dll
0x00007ffffbfb0000 - 0x00007ffffc05e000 	C:\Windows\System32\KERNEL32.DLL
0x00007ffffaf70000 - 0x00007ffffb1b9000 	C:\Windows\System32\KERNELBASE.dll
0x00007ffffb1c0000 - 0x00007ffffb2b6000 	C:\Windows\System32\ucrtbase.dll
0x00007ffff4700000 - 0x00007ffff4718000 	C:\Software\eclipse\jre\bin\jli.dll
0x00007ffff6120000 - 0x00007ffff6135000 	C:\Software\eclipse\jre\bin\VCRUNTIME140.dll
0x00007ffffc7c0000 - 0x00007ffffc861000 	C:\Windows\System32\ADVAPI32.dll
0x00007ffffbe60000 - 0x00007ffffbefd000 	C:\Windows\System32\msvcrt.dll
0x00007ffffb500000 - 0x00007ffffb559000 	C:\Windows\System32\sechost.dll
0x00007ffffc690000 - 0x00007ffffc7b5000 	C:\Windows\System32\RPCRT4.dll
0x00007ffffba00000 - 0x00007ffffbb4a000 	C:\Windows\System32\USER32.dll
0x00007ffffb4e0000 - 0x00007ffffb4fe000 	C:\Windows\System32\win32u.dll
0x00007fffe5260000 - 0x00007fffe54c7000 	C:\Windows\WinSxS\amd64_microsoft.windows.common-controls_6595b64144ccf1df_6.0.15063.0_none_108e4f62dfe5d999\COMCTL32.dll
0x00007ffffb560000 - 0x00007ffffb587000 	C:\Windows\System32\GDI32.dll
0x00007ffffb5a0000 - 0x00007ffffb899000 	C:\Windows\System32\combase.dll
0x00007ffffa670000 - 0x00007ffffa7f9000 	C:\Windows\System32\gdi32full.dll
0x00007ffffa5d0000 - 0x00007ffffa66a000 	C:\Windows\System32\msvcp_win.dll
0x00007ffffaf00000 - 0x00007ffffaf6a000 	C:\Windows\System32\bcryptPrimitives.dll
0x00007ffff0310000 - 0x00007ffff031a000 	C:\Windows\SYSTEM32\VERSION.dll
0x00007ffffdeb0000 - 0x00007ffffdedd000 	C:\Windows\System32\IMM32.DLL
0x00007ffff1100000 - 0x00007ffff119b000 	C:\Software\eclipse\jre\bin\msvcp140.dll
0x00007fffcb280000 - 0x00007fffcbd9e000 	C:\Software\eclipse\jre\bin\server\jvm.dll
0x00007ffffc680000 - 0x00007ffffc688000 	C:\Windows\System32\PSAPI.DLL
0x00007fffed140000 - 0x00007fffed149000 	C:\Windows\SYSTEM32\WSOCK32.dll
0x00007ffff89f0000 - 0x00007ffff8a13000 	C:\Windows\SYSTEM32\WINMM.dll
0x00007ffffc870000 - 0x00007ffffc8dc000 	C:\Windows\System32\WS2_32.dll
0x00007ffff8990000 - 0x00007ffff89bb000 	C:\Windows\SYSTEM32\WINMMBASE.dll
0x00007ffffb2c0000 - 0x00007ffffb309000 	C:\Windows\System32\cfgmgr32.dll
0x00007ffffa4a0000 - 0x00007ffffa4b1000 	C:\Windows\System32\kernel.appcore.dll
0x00007ffff59f0000 - 0x00007ffff59fa000 	C:\Software\eclipse\jre\bin\jimage.dll
0x00007fffd54f0000 - 0x00007fffd5699000 	C:\Windows\SYSTEM32\DBGHELP.DLL
0x00007fffecdf0000 - 0x00007fffece19000 	C:\Windows\SYSTEM32\dbgcore.DLL
0x00007ffff53f0000 - 0x00007ffff5415000 	C:\Software\eclipse\jre\bin\java.dll
0x00007ffff1320000 - 0x00007ffff1336000 	C:\Software\eclipse\jre\bin\zip.dll
0x00007ffffca70000 - 0x00007ffffdea7000 	C:\Windows\System32\SHELL32.dll
0x00007ffffbf00000 - 0x00007ffffbfaa000 	C:\Windows\System32\shcore.dll
0x00007ffffa800000 - 0x00007ffffaef2000 	C:\Windows\System32\windows.storage.dll
0x00007ffffb9a0000 - 0x00007ffffb9f1000 	C:\Windows\System32\shlwapi.dll
0x00007ffffa410000 - 0x00007ffffa45c000 	C:\Windows\System32\powrprof.dll
0x00007ffffa460000 - 0x00007ffffa475000 	C:\Windows\System32\profapi.dll
0x00007ffff1300000 - 0x00007ffff1319000 	C:\Software\eclipse\jre\bin\net.dll
0x00007ffff3020000 - 0x00007ffff30f7000 	C:\Windows\SYSTEM32\WINHTTP.dll
0x00007ffff9cc0000 - 0x00007ffff9d1c000 	C:\Windows\system32\mswsock.dll
0x00007ffff12e0000 - 0x00007ffff12f2000 	C:\Software\eclipse\jre\bin\nio.dll
0x00007ffff7370000 - 0x00007ffff7379000 	C:\Software\eclipse\jre\bin\management.dll
0x00007ffff6d20000 - 0x00007ffff6d2b000 	C:\Software\eclipse\jre\bin\management_ext.dll
0x00007ffff6110000 - 0x00007ffff6120000 	C:\Software\eclipse\jre\bin\verify.dll
0x00007fffecbc0000 - 0x00007fffecbd6000 	C:\Windows\system32\napinsp.dll
0x00007fffec990000 - 0x00007fffec9aa000 	C:\Windows\system32\pnrpnsp.dll
0x00007ffff7340000 - 0x00007ffff7358000 	C:\Windows\system32\NLAapi.dll
0x00007ffff9aa0000 - 0x00007ffff9b44000 	C:\Windows\SYSTEM32\DNSAPI.dll
0x00007ffffb590000 - 0x00007ffffb598000 	C:\Windows\System32\NSI.dll
0x00007ffff9a60000 - 0x00007ffff9a97000 	C:\Windows\SYSTEM32\IPHLPAPI.DLL
0x00007fffeca80000 - 0x00007fffeca8e000 	C:\Windows\System32\winrnr.dll
0x00007fffeb650000 - 0x00007fffeb665000 	C:\Windows\System32\wshbth.dll
0x00007fffeb270000 - 0x00007fffeb27a000 	C:\Windows\System32\rasadhlp.dll
0x00007ffff2d00000 - 0x00007ffff2d6b000 	C:\Windows\System32\fwpuclnt.dll
0x00007ffff9fd0000 - 0x00007ffff9ff5000 	C:\Windows\SYSTEM32\bcrypt.dll
0x00007ffff9e60000 - 0x00007ffff9e77000 	C:\Windows\SYSTEM32\CRYPTSP.dll
0x00007ffff98e0000 - 0x00007ffff9914000 	C:\Windows\system32\rsaenh.dll
0x00007ffffa340000 - 0x00007ffffa369000 	C:\Windows\SYSTEM32\USERENV.dll
0x00007ffff9e80000 - 0x00007ffff9e8b000 	C:\Windows\SYSTEM32\CRYPTBASE.dll
0x00007ffff4720000 - 0x00007ffff4736000 	C:\Windows\SYSTEM32\dhcpcsvc6.DLL
0x00007ffff55d0000 - 0x00007ffff55ea000 	C:\Windows\SYSTEM32\dhcpcsvc.DLL

dbghelp: loaded successfully - version: 4.0.5 - missing functions: none
symbol engine: initialized successfully - sym options: 0x614 - pdb path: .;C:\Software\eclipse\jre\bin;C:\Windows\SYSTEM32;C:\Windows\WinSxS\amd64_microsoft.windows.common-controls_6595b64144ccf1df_6.0.15063.0_none_108e4f62dfe5d999;C:\Software\eclipse\jre\bin\server

VM Arguments:
java_command: C:\Users\User\AppData\Local\Temp\surefire4057988070235108576\surefirebooter1117301875938101985.jar C:\Users\User\AppData\Local\Temp\surefire4057988070235108576 2020-12-11T01-57-30_346-jvmRun1 surefire17396987050116256856tmp surefire_017165245989305771950tmp
java_class_path (initial): C:\Users\User\AppData\Local\Temp\surefire4057988070235108576\surefirebooter1117301875938101985.jar
Launcher Type: SUN_STANDARD

[Global flags]
     intx CICompilerCount                          = 3                                         {product} {ergonomic}
     uint ConcGCThreads                            = 1                                         {product} {ergonomic}
     uint G1ConcRefinementThreads                  = 4                                         {product} {ergonomic}
   size_t G1HeapRegionSize                         = 1048576                                   {product} {ergonomic}
    uintx GCDrainStackTargetSize                   = 64                                        {product} {ergonomic}
   size_t InitialHeapSize                          = 134217728                                 {product} {ergonomic}
   size_t MarkStackSize                            = 4194304                                   {product} {ergonomic}
   size_t MaxHeapSize                              = 2126512128                                {product} {ergonomic}
   size_t MaxNewSize                               = 1275068416                                {product} {ergonomic}
   size_t MinHeapDeltaBytes                        = 1048576                                   {product} {ergonomic}
   size_t MinHeapSize                              = 8388608                                   {product} {ergonomic}
    uintx NonNMethodCodeHeapSize                   = 5832780                                {pd product} {ergonomic}
    uintx NonProfiledCodeHeapSize                  = 122912730                              {pd product} {ergonomic}
    uintx ProfiledCodeHeapSize                     = 122912730                              {pd product} {ergonomic}
    uintx ReservedCodeCacheSize                    = 251658240                              {pd product} {ergonomic}
     bool SegmentedCodeCache                       = true                                      {product} {ergonomic}
   size_t SoftMaxHeapSize                          = 2126512128                             {manageable} {ergonomic}
     bool UseCompressedClassPointers               = true                                 {lp64_product} {ergonomic}
     bool UseCompressedOops                        = true                                 {lp64_product} {ergonomic}
     bool UseG1GC                                  = true                                      {product} {ergonomic}
     bool UseLargePagesIndividualAllocation        = false                                  {pd product} {ergonomic}

Logging:
Log output configuration:
 #0: stdout all=warning uptime,level,tags
 #1: stderr all=off uptime,level,tags

Environment Variables:
JAVA_HOME=C:\Program Files\Java\jdk-14.0.2
PATH=C:/Software/eclipse/jre/bin/server;C:/Software/eclipse/jre/bin;C:\Windows\system32;C:\Windows;C:\Windows\System32\Wbem;C:\Windows\System32\WindowsPowerShell\v1.0\;C:\Program Files\Git\cmd;C:\Program Files (x86)\2Pdf;C:\Program Files\nodejs\;C:\Windows\system32;C:\Windows;C:\Windows\System32\Wbem;C:\Windows\System32\WindowsPowerShell\v1.0\;C:\Program Files\Git\cmd;C:\Program Files (x86)\2Pdf;C:\Program Files\nodejs\;C:\Program Files (x86)\Common Files\Oracle\Java\javapath;C:\Users\User\.cargo\bin;C:\Users\User\AppData\Local\Microsoft\WindowsApps;C:\Program Files\Java\jdk1.8.0_241\bin;C:\Users\User\AppData\Local\Programs\IPFS Desktop\resources\app.asar.unpacked\src\ipfs-on-path\scripts\bin-win;C:\Program Files (x86)\Microsoft Visual Studio\2019\Community\VC\Tools\MSVC\14.26.28801\bin\Hostx86\x86;C:\Software\apache-maven-3.6.3\bin;C:\Users\User\AppData\Roaming\npm;C:\Software\mingw\mingw64\bin;C:\Software\eclipse;
USERNAME=User
OS=Windows_NT
PROCESSOR_IDENTIFIER=Intel64 Family 6 Model 42 Stepping 7, GenuineIntel



---------------  S Y S T E M  ---------------

OS: Windows 10 , 64 bit Build 15063 (10.0.15063.296)
OS uptime: 0 days 3:47 hours

CPU:total 4 (initial active 4) (2 cores per cpu, 2 threads per core) family 6 model 42 stepping 7, cmov, cx8, fxsr, mmx, sse, sse2, sse3, ssse3, sse4.1, sse4.2, popcnt, avx, clmul, ht, tsc, tscinvbit

Memory: 4k page, system-wide physical 8104M (666M free)
TotalPageFile size 8104M (AvailPageFile size 15M)
current process WorkingSet (physical memory assigned to process): 299M, peak: 300M
current process commit charge ("private bytes"): 336M, peak: 347M

vm_info: Java HotSpot(TM) 64-Bit Server VM (14.0.2+12-46) for windows-amd64 JRE (14.0.2+12-46), built on Jul  9 2020 00:35:52 by "mach5one" with MS VC++ 15.9 (VS2017)

END.
